<?xml version="1.0" encoding="UTF-8"?>
<testng-results ignored="0" total="2" passed="2" failed="0" skipped="0">
  <reporter-output>
  </reporter-output>
  <suite started-at="2024-11-11T21:04:38 IST" name="Default suite" finished-at="2024-11-11T21:04:41 IST" duration-ms="2062">
    <groups>
    </groups>
    <test started-at="2024-11-11T21:04:38 IST" name="Default test" finished-at="2024-11-11T21:04:41 IST" duration-ms="2062">
      <class name="RestDemo.PassProductValues">
        <test-method is-config="true" signature="setup()[pri:0, instance:RestDemo.PassProductValues@7fee8714]" started-at="2024-11-11T21:04:38 IST" name="setup" finished-at="2024-11-11T21:04:39 IST" duration-ms="447" status="PASS">
          <reporter-output>
          </reporter-output>
        </test-method> <!-- setup -->
        <test-method signature="InvalidOutput()[pri:0, instance:RestDemo.PassProductValues@7fee8714]" started-at="2024-11-11T21:04:39 IST" name="InvalidOutput" finished-at="2024-11-11T21:04:40 IST" duration-ms="1532" status="PASS">
          <reporter-output>
          </reporter-output>
        </test-method> <!-- InvalidOutput -->
        <test-method signature="TestRunner()[pri:0, instance:RestDemo.PassProductValues@7fee8714]" started-at="2024-11-11T21:04:40 IST" name="TestRunner" finished-at="2024-11-11T21:04:41 IST" duration-ms="47" status="PASS">
          <reporter-output>
          </reporter-output>
        </test-method> <!-- TestRunner -->
      </class> <!-- RestDemo.PassProductValues -->
    </test> <!-- Default test -->
  </suite> <!-- Default suite -->
</testng-results>
